[org/gtk/settings/color-chooser]
selected-color=(true, 0.1803921568627451, 0.20392156862745098, 0.21176470588235294, 1.0)

[org/gtk/settings/file-chooser]
date-format='regular'
location-mode='path-bar'
show-hidden=false
show-size-column=true
show-type-column=true
sidebar-width=162
sort-column='name'
sort-directories-first=false
sort-order='ascending'
type-format='category'
window-position=(134, 13)
window-size=(1098, 696)

[org/mate/caja/list-view]
default-column-order=['name', 'size', 'type', 'date_modified', 'date_accessed', 'extension', 'group', 'where', 'mime_type', 'octal_permissions', 'owner', 'permissions', 'size_on_disk', 'Xattr::Tags']
default-visible-columns=['name', 'size', 'type', 'date_modified']

[org/mate/caja/window-state]
geometry='800x550+282+79'
maximized=true
start-with-sidebar=true
start-with-status-bar=true
start-with-toolbar=true

[org/mate/calc]
button-mode='basic'
source-units='degree'
target-units='radian'

[org/mate/desktop/accessibility/keyboard]
bouncekeys-beep-reject=true
bouncekeys-delay=300
bouncekeys-enable=false
enable=false
feature-state-change-beep=false
mousekeys-accel-time=1200
mousekeys-enable=false
mousekeys-init-delay=160
mousekeys-max-speed=750
slowkeys-beep-accept=true
slowkeys-beep-press=true
slowkeys-beep-reject=false
slowkeys-delay=300
slowkeys-enable=false
stickykeys-enable=false
stickykeys-latch-to-lock=true
stickykeys-modifier-beep=true
stickykeys-two-key-off=true
timeout=120
timeout-enable=false
togglekeys-enable=false

[org/mate/desktop/background]
color-shading-type='vertical-gradient'
picture-filename='/usr/pkg/share/backgrounds/mate-cosmos/background-1.xml'
picture-options='zoom'
primary-color='rgb(88,145,188)'
secondary-color='rgb(60,143,37)'

[org/mate/desktop/interface]
gtk-color-scheme='menu_fg: #dedede'
gtk-theme='Mojave-dark'
icon-theme='McMojave-circle-dark'

[org/mate/desktop/peripherals/keyboard]
numlock-state='on'

[org/mate/desktop/peripherals/mouse]
cursor-theme='default'

[org/mate/desktop/session]
idle-delay=50
session-start=1582265820

[org/mate/engrampa/general]
unar-open-zip=false

[org/mate/engrampa/listing]
list-mode='as-folder'
name-column-width=250
show-path=false
sort-method='name'
sort-type='ascending'

[org/mate/engrampa/ui]
sidebar-width=200
window-height=480
window-width=600

[org/mate/marco/general]
num-workspaces=1
theme='Mojave-dark'

[org/mate/marco/global-keybindings]
panel-main-menu='grave'

[org/mate/notification-daemon]
popup-location='bottom_right'
theme='coco'

[org/mate/panel/general]
object-id-list=['show-desktop', 'window-list', 'object-1', 'object-2', 'object-3', 'object-4', 'object-0', 'object-5']
toplevel-id-list=['bottom']

[org/mate/panel/objects/object-0]
applet-iid='GvcAppletFactory::GvcApplet'
locked=true
object-type='applet'
panel-right-stick=false
position=1251
toplevel-id='bottom'

[org/mate/panel/objects/object-1]
locked=true
object-type='menu'
panel-right-stick=false
position=0
tooltip='Main Menu'
toplevel-id='bottom'
use-menu-path=false

[org/mate/panel/objects/object-2]
launcher-location='/home/jay/.local/share/applications/firefox.desktop'
locked=true
object-type='launcher'
panel-right-stick=false
position=48
toplevel-id='bottom'

[org/mate/panel/objects/object-3]
launcher-location='/home/jay/.local/share/applications/vlc.desktop'
locked=true
object-type='launcher'
panel-right-stick=false
position=72
toplevel-id='bottom'

[org/mate/panel/objects/object-4]
applet-iid='ClockAppletFactory::ClockApplet'
locked=true
object-type='applet'
panel-right-stick=false
position=1319
toplevel-id='bottom'

[org/mate/panel/objects/object-4/prefs]
custom-format=''
format='12-hour'

[org/mate/panel/objects/object-5]
action-type='search'
locked=true
object-type='action'
panel-right-stick=false
position=1241
toplevel-id='bottom'

[org/mate/panel/objects/show-desktop]
applet-iid='WnckletFactory::ShowDesktopApplet'
locked=true
object-type='applet'
position=24
toplevel-id='bottom'

[org/mate/panel/objects/window-list]
applet-iid='WnckletFactory::WindowListApplet'
locked=true
object-type='applet'
position=96
toplevel-id='bottom'

[org/mate/panel/toplevels/bottom]
expand=true
orientation='bottom'
screen=0
size=32
y=736
y-bottom=0

[org/mate/panel/toplevels/bottom/background]
color='rgba(46,52,54,0.343999)'
type='color'

[org/mate/pluma]
active-plugins=['time', 'spell', 'modelines', 'filebrowser', 'docinfo']
history-search-for=['menu']
statusbar-visible=true

[org/mate/pluma/plugins/filebrowser/on-load]
root='file:///'
tree-view=true
virtual-root='file:///usr/pkg/share/mozo'

[org/mate/power-manager]
button-lid-ac='suspend'
button-power='nothing'
button-suspend='nothing'
icon-policy='always'
sleep-display-ac=0

[org/mate/screensaver]
mode='blank-only'
themes=@as []

[org/mate/screenshot]
border-effect='none'
delay=9
include-border=true
include-pointer=true
last-save-directory='file:///home/jay/Desktop'

[org/mate/search-tool]
default-window-height=350
default-window-maximized=false
default-window-width=554
look-in-folder='/usr'
search-history={'gsearchtool-file-entry': ['McMojave-circle-dark']}

[org/mate/search-tool/select]
contains-the-text=true

[org/mate/system-monitor/disktreenew]
col-6-width=300

[org/mate/system-monitor/proctree]
col-22-width=201

[org/mate/terminal/profiles/default]
background-color='#FFFFFFFFDDDD'
bold-color='#000000000000'
foreground-color='#000000000000'
palette='#2E2E34343636:#CCCC00000000:#4E4E9A9A0606:#C4C4A0A00000:#34346565A4A4:#757550507B7B:#060698209A9A:#D3D3D7D7CFCF:#555557575353:#EFEF29292929:#8A8AE2E23434:#FCFCE9E94F4F:#72729F9FCFCF:#ADAD7F7FA8A8:#3434E2E2E2E2:#EEEEEEEEECEC'
visible-name='Default'
